<?xml version="1.0" encoding="UTF-8"?>
<coverage generated="1684761270329" clover="3.2.0">
  <project timestamp="1684761270329" name="All files">
    <metrics statements="23" coveredstatements="23" conditionals="4" coveredconditionals="4" methods="1" coveredmethods="1" elements="28" coveredelements="28" complexity="0" loc="23" ncloc="23" packages="1" files="1" classes="1"/>
    <file name="justify.ts" path="/Users/pierre/Documents/Perso/CV PJE/Tictactrip/API_rest_TS/src/utils/justify.ts">
      <metrics statements="23" coveredstatements="23" conditionals="4" coveredconditionals="4" methods="1" coveredmethods="1"/>
      <line num="1" count="1" type="stmt"/>
      <line num="2" count="1" type="stmt"/>
      <line num="3" count="1" type="stmt"/>
      <line num="4" count="1" type="stmt"/>
      <line num="6" count="1" type="stmt"/>
      <line num="8" count="1" type="stmt"/>
      <line num="9" count="1" type="stmt"/>
      <line num="10" count="1" type="stmt"/>
      <line num="13" count="1" type="stmt"/>
      <line num="14" count="4" type="stmt"/>
      <line num="17" count="1" type="stmt"/>
      <line num="18" count="3" type="stmt"/>
      <line num="20" count="3" type="cond" truecount="1" falsecount="0"/>
      <line num="22" count="2" type="cond" truecount="1" falsecount="0"/>
      <line num="24" count="2" type="stmt"/>
      <line num="25" count="2" type="stmt"/>
      <line num="26" count="45" type="cond" truecount="1" falsecount="0"/>
      <line num="28" count="7" type="stmt"/>
      <line num="29" count="7" type="cond" truecount="1" falsecount="0"/>
      <line num="30" count="10" type="stmt"/>
      <line num="37" count="3" type="stmt"/>
      <line num="39" count="1" type="stmt"/>
      <line num="41" count="1" type="stmt"/>
    </file>
  </project>
</coverage>
