{"/Users/pierre/Documents/Perso/CV PJE/Tictactrip/API_rest_TS/src/utils/justify.ts": {"path":"/Users/pierre/Documents/Perso/CV PJE/Tictactrip/API_rest_TS/src/utils/justify.ts","statementMap":{"0":{"start":{"line":2,"column":33},"end":{"line":2,"column":69}},"1":{"start":{"line":3,"column":31},"end":{"line":3,"column":57}},"2":{"start":{"line":4,"column":30},"end":{"line":4,"column":43}},"3":{"start":{"line":6,"column":35},"end":{"line":6,"column":112}},"4":{"start":{"line":8,"column":38},"end":{"line":8,"column":95}},"5":{"start":{"line":9,"column":42},"end":{"line":9,"column":44}},"6":{"start":{"line":10,"column":34},"end":{"line":10,"column":36}},"7":{"start":{"line":13,"column":4},"end":{"line":15,"column":6}},"8":{"start":{"line":14,"column":8},"end":{"line":14,"column":44}},"9":{"start":{"line":17,"column":4},"end":{"line":38,"column":null}},"10":{"start":{"line":17,"column":17},"end":{"line":17,"column":18}},"11":{"start":{"line":18,"column":40},"end":{"line":18,"column":64}},"12":{"start":{"line":20,"column":8},"end":{"line":36,"column":null}},"13":{"start":{"line":22,"column":12},"end":{"line":35,"column":null}},"14":{"start":{"line":24,"column":16},"end":{"line":34,"column":null}},"15":{"start":{"line":25,"column":20},"end":{"line":33,"column":null}},"16":{"start":{"line":25,"column":33},"end":{"line":25,"column":34}},"17":{"start":{"line":26,"column":24},"end":{"line":32,"column":null}},"18":{"start":{"line":28,"column":28},"end":{"line":28,"column":87}},"19":{"start":{"line":29,"column":28},"end":{"line":29,"column":68}},"20":{"start":{"line":29,"column":62},"end":{"line":29,"column":68}},"21":{"start":{"line":30,"column":28},"end":{"line":30,"column":56}},"22":{"start":{"line":30,"column":52},"end":{"line":30,"column":56}},"23":{"start":{"line":37,"column":8},"end":{"line":37,"column":35}},"24":{"start":{"line":39,"column":4},"end":{"line":39,"column":80}},"25":{"start":{"line":41,"column":4},"end":{"line":41,"column":36}},"26":{"start":{"line":1,"column":0},"end":{"line":1,"column":16}}},"fnMap":{"0":{"name":"justify","decl":{"start":{"line":1,"column":16},"end":{"line":1,"column":23}},"loc":{"start":{"line":1,"column":68},"end":{"line":42,"column":1}}}},"branchMap":{"0":{"loc":{"start":{"line":20,"column":8},"end":{"line":36,"column":null}},"type":"if","locations":[{"start":{"line":20,"column":8},"end":{"line":36,"column":null}}]},"1":{"loc":{"start":{"line":22,"column":12},"end":{"line":35,"column":null}},"type":"if","locations":[{"start":{"line":22,"column":12},"end":{"line":35,"column":null}}]},"2":{"loc":{"start":{"line":26,"column":24},"end":{"line":32,"column":null}},"type":"if","locations":[{"start":{"line":26,"column":24},"end":{"line":32,"column":null}}]},"3":{"loc":{"start":{"line":29,"column":28},"end":{"line":29,"column":68}},"type":"if","locations":[{"start":{"line":29,"column":28},"end":{"line":29,"column":68}}]}},"s":{"0":1,"1":1,"2":1,"3":1,"4":1,"5":1,"6":1,"7":1,"8":4,"9":1,"10":1,"11":3,"12":3,"13":2,"14":2,"15":2,"16":2,"17":45,"18":7,"19":7,"20":2,"21":5,"22":10,"23":3,"24":1,"25":1,"26":1},"f":{"0":1},"b":{"0":[2],"1":[2],"2":[7],"3":[2]}}
}
